2024-08-07 14:19:17,397 INFO o.a.j.u.JMeterUtils: Setting Locale to en_EN
2024-08-07 14:19:17,422 INFO o.a.j.JMeter: Loading user properties from: /opt/apache-jmeter-5.4.3/bin/user.properties
2024-08-07 14:19:17,423 INFO o.a.j.JMeter: Loading system properties from: /opt/apache-jmeter-5.4.3/bin/system.properties
2024-08-07 14:19:17,423 INFO o.a.j.JMeter: Setting System property: log4j2.formatMsgNoLookups=true
2024-08-07 14:19:17,432 INFO o.a.j.JMeter: Copyright (c) 1998-2021 The Apache Software Foundation
2024-08-07 14:19:17,432 INFO o.a.j.JMeter: Version 5.4.3
2024-08-07 14:19:17,432 INFO o.a.j.JMeter: java.version=1.8.0_275
2024-08-07 14:19:17,432 INFO o.a.j.JMeter: java.vm.name=OpenJDK 64-Bit Server VM
2024-08-07 14:19:17,433 INFO o.a.j.JMeter: os.name=Linux
2024-08-07 14:19:17,433 INFO o.a.j.JMeter: os.arch=amd64
2024-08-07 14:19:17,433 INFO o.a.j.JMeter: os.version=5.10.102.1-microsoft-standard-WSL2
2024-08-07 14:19:17,433 INFO o.a.j.JMeter: file.encoding=UTF-8
2024-08-07 14:19:17,433 INFO o.a.j.JMeter: java.awt.headless=true
2024-08-07 14:19:17,433 INFO o.a.j.JMeter: Max memory     =20132659200
2024-08-07 14:19:17,433 INFO o.a.j.JMeter: Available Processors =8
2024-08-07 14:19:17,440 INFO o.a.j.JMeter: Default Locale=English (EN)
2024-08-07 14:19:17,440 INFO o.a.j.JMeter: JMeter  Locale=English (EN)
2024-08-07 14:19:17,440 INFO o.a.j.JMeter: JMeterHome=/opt/apache-jmeter-5.4.3
2024-08-07 14:19:17,440 INFO o.a.j.JMeter: user.dir  =/home
2024-08-07 14:19:17,440 INFO o.a.j.JMeter: PWD       =/home
2024-08-07 14:19:17,441 INFO o.a.j.JMeter: IP: 172.17.0.2 Name: 2280e2a2be11 FullName: 2280e2a2be11
2024-08-07 14:19:17,446 INFO o.a.j.JMeter: Setting property 'jmeter.reportgenerator.outputdir' to:'/home/testResults/tests/Output'
2024-08-07 14:19:17,447 ERROR o.a.j.JMeter: An error occurred: 
org.apache.jmeter.report.config.ConfigurationException: The file /home/test/jmeter/cyltfr_user_journey_test_plan.jmx doesn't exist or can't be opened
	at org.apache.jmeter.JMeter.runNonGui(JMeter.java:1017) ~[ApacheJMeter_core.jar:5.4.3]
	at org.apache.jmeter.JMeter.startNonGui(JMeter.java:1007) ~[ApacheJMeter_core.jar:5.4.3]
	at org.apache.jmeter.JMeter.start(JMeter.java:579) [ApacheJMeter_core.jar:5.4.3]
	at sun.reflect.NativeMethodAccessorImpl.invoke0(Native Method) ~[?:1.8.0_275]
	at sun.reflect.NativeMethodAccessorImpl.invoke(NativeMethodAccessorImpl.java:62) ~[?:1.8.0_275]
	at sun.reflect.DelegatingMethodAccessorImpl.invoke(DelegatingMethodAccessorImpl.java:43) ~[?:1.8.0_275]
	at java.lang.reflect.Method.invoke(Method.java:498) ~[?:1.8.0_275]
	at org.apache.jmeter.NewDriver.main(NewDriver.java:254) [ApacheJMeter.jar:5.4.3]
